<?xml version="1.0" encoding="UTF-8"?>
<testng-results ignored="0" total="1" passed="1" failed="0" skipped="0">
  <reporter-output>
  </reporter-output>
  <suite started-at="2022-04-09T20:49:42 EET" name="Default suite" finished-at="2022-04-09T20:49:55 EET" duration-ms="12868">
    <groups>
    </groups>
    <test started-at="2022-04-09T20:49:42 EET" name="Default test" finished-at="2022-04-09T20:49:55 EET" duration-ms="12868">
      <class name="tests.SearchByImageTest">
        <test-method is-config="true" signature="StartDriver()[pri:0, instance:tests.SearchByImageTest@61d6015a]" started-at="2022-04-09T20:49:38 EET" name="StartDriver" finished-at="2022-04-09T20:49:42 EET" duration-ms="3828" status="PASS">
          <reporter-output>
          </reporter-output>
        </test-method> <!-- StartDriver -->
        <test-method signature="UserUploadImage()[pri:0, instance:tests.SearchByImageTest@61d6015a]" started-at="2022-04-09T20:49:42 EET" name="UserUploadImage" finished-at="2022-04-09T20:49:55 EET" duration-ms="12825" status="PASS">
          <reporter-output>
          </reporter-output>
        </test-method> <!-- UserUploadImage -->
        <test-method is-config="true" signature="ScreenshotOnFailure(org.testng.ITestResult)[pri:0, instance:tests.SearchByImageTest@61d6015a]" started-at="2022-04-09T20:49:55 EET" name="ScreenshotOnFailure" finished-at="2022-04-09T20:49:55 EET" duration-ms="2" status="PASS">
          <params>
            <param index="0">
              <value>
                <![CDATA[[TestResult name=UserUploadImage status=SUCCESS method=SearchByImageTest.UserUploadImage()[pri:0, instance:tests.SearchByImageTest@61d6015a] output={null}]]]>
              </value>
            </param>
          </params>
          <reporter-output>
          </reporter-output>
        </test-method> <!-- ScreenshotOnFailure -->
        <test-method is-config="true" signature="CloseDriver()[pri:0, instance:tests.SearchByImageTest@61d6015a]" started-at="2022-04-09T20:49:55 EET" name="CloseDriver" finished-at="2022-04-09T20:49:55 EET" duration-ms="252" status="PASS">
          <reporter-output>
          </reporter-output>
        </test-method> <!-- CloseDriver -->
      </class> <!-- tests.SearchByImageTest -->
    </test> <!-- Default test -->
  </suite> <!-- Default suite -->
</testng-results>
